Just finished setting up Library
eite.js:1276:11
Web wokrer is about to begin delegating requests
eite.js:1276:11
Just finished setting up Web Workers
eite.js:1276:11
Just finished setting up Library
eite.js:1276:11
Host got message 1 from worker: setSharedState,librarySetupFinished,true
eite.js:1276:11
message { target: Worker, isTrusted: true, data: {…}, origin: "", lastEventId: "", ports: Restricted, currentTarget: Worker, eventPhase: 2, bubbles: false, cancelable: false, … }
eite.js:1442:9
Host understood message 1 from worker: setSharedState,librarySetupFinished,true
eite.js:1276:11
message { target: Worker, isTrusted: true, data: {…}, origin: "", lastEventId: "", ports: Restricted, currentTarget: Worker, eventPhase: 2, bubbles: false, cancelable: false, … }
eite.js:1442:9
Request made of host by worker in message 1 returned the result: undefined
eite.js:1276:11
Worker got message 1 from host: setupIfNeeded,
eite.js:1276:11
Host got message 2 from worker: getSharedState,STAGEL_DEBUG
eite.js:1276:11
message { target: Worker, isTrusted: true, data: {…}, origin: "", lastEventId: "", ports: Restricted, currentTarget: Worker, eventPhase: 2, bubbles: false, cancelable: false, … }
eite.js:1442:9
Host understood message 2 from worker: getSharedState,STAGEL_DEBUG
eite.js:1276:11
message { target: Worker, isTrusted: true, data: {…}, origin: "", lastEventId: "", ports: Restricted, currentTarget: Worker, eventPhase: 2, bubbles: false, cancelable: false, … }
eite.js:1442:9
Request made of host by worker in message 2 returned the result: 1
eite.js:1276:11
Worker got message 1 from host: undefined
eite.js:1276:11
Host got message 3 from worker: getSharedState,STAGEL_DEBUG
eite.js:1276:11
message { target: Worker, isTrusted: true, data: {…}, origin: "", lastEventId: "", ports: Restricted, currentTarget: Worker, eventPhase: 2, bubbles: false, cancelable: false, … }
eite.js:1442:9
Host understood message 3 from worker: getSharedState,STAGEL_DEBUG
eite.js:1276:11
message { target: Worker, isTrusted: true, data: {…}, origin: "", lastEventId: "", ports: Restricted, currentTarget: Worker, eventPhase: 2, bubbles: false, cancelable: false, … }
eite.js:1442:9
Request made of host by worker in message 3 returned the result: 1
eite.js:1276:11
Worker got message 2 from host: 1
eite.js:1276:11
Host got message 4 from worker: getSharedState,STAGEL_DEBUG
eite.js:1276:11
message { target: Worker, isTrusted: true, data: {…}, origin: "", lastEventId: "", ports: Restricted, currentTarget: Worker, eventPhase: 2, bubbles: false, cancelable: false, … }
eite.js:1442:9
Host understood message 4 from worker: getSharedState,STAGEL_DEBUG
eite.js:1276:11
message { target: Worker, isTrusted: true, data: {…}, origin: "", lastEventId: "", ports: Restricted, currentTarget: Worker, eventPhase: 2, bubbles: false, cancelable: false, … }
eite.js:1442:9
Request made of host by worker in message 4 returned the result: 1
eite.js:1276:11
Worker got message 3 from host: 1
eite.js:1276:11
Host got message 5 from worker: getSharedState,STAGEL_DEBUG
eite.js:1276:11
message { target: Worker, isTrusted: true, data: {…}, origin: "", lastEventId: "", ports: Restricted, currentTarget: Worker, eventPhase: 2, bubbles: false, cancelable: false, … }
eite.js:1442:9
Host understood message 5 from worker: getSharedState,STAGEL_DEBUG
eite.js:1276:11
message { target: Worker, isTrusted: true, data: {…}, origin: "", lastEventId: "", ports: Restricted, currentTarget: Worker, eventPhase: 2, bubbles: false, cancelable: false, … }
eite.js:1442:9
Request made of host by worker in message 5 returned the result: 1
eite.js:1276:11
Worker got message 4 from host: 1
eite.js:1276:11
Host got message 6 from worker: getSharedState,STAGEL_DEBUG
eite.js:1276:11
message { target: Worker, isTrusted: true, data: {…}, origin: "", lastEventId: "", ports: Restricted, currentTarget: Worker, eventPhase: 2, bubbles: false, cancelable: false, … }
eite.js:1442:9
Host understood message 6 from worker: getSharedState,STAGEL_DEBUG
eite.js:1276:11
message { target: Worker, isTrusted: true, data: {…}, origin: "", lastEventId: "", ports: Restricted, currentTarget: Worker, eventPhase: 2, bubbles: false, cancelable: false, … }
eite.js:1442:9
Request made of host by worker in message 6 returned the result: 1
eite.js:1276:11
Worker got message 5 from host: 1
eite.js:1276:11
Host got message 7 from worker: getSharedState,STAGEL_DEBUG
eite.js:1276:11
message { target: Worker, isTrusted: true, data: {…}, origin: "", lastEventId: "", ports: Restricted, currentTarget: Worker, eventPhase: 2, bubbles: false, cancelable: false, … }
eite.js:1442:9
Host understood message 7 from worker: getSharedState,STAGEL_DEBUG
eite.js:1276:11
message { target: Worker, isTrusted: true, data: {…}, origin: "", lastEventId: "", ports: Restricted, currentTarget: Worker, eventPhase: 2, bubbles: false, cancelable: false, … }
eite.js:1442:9
Request made of host by worker in message 7 returned the result: 1
eite.js:1276:11
Worker got message 6 from host: 1
eite.js:1276:11
Host got message 8 from worker: getSharedState,STAGEL_DEBUG
eite.js:1276:11
message { target: Worker, isTrusted: true, data: {…}, origin: "", lastEventId: "", ports: Restricted, currentTarget: Worker, eventPhase: 2, bubbles: false, cancelable: false, … }
eite.js:1442:9
Host understood message 8 from worker: getSharedState,STAGEL_DEBUG
eite.js:1276:11
message { target: Worker, isTrusted: true, data: {…}, origin: "", lastEventId: "", ports: Restricted, currentTarget: Worker, eventPhase: 2, bubbles: false, cancelable: false, … }
eite.js:1442:9
Request made of host by worker in message 8 returned the result: 1
eite.js:1276:11
Worker got message 7 from host: 1
eite.js:1276:11
Host got message 9 from worker: getSharedState,STAGEL_DEBUG
eite.js:1276:11
message { target: Worker, isTrusted: true, data: {…}, origin: "", lastEventId: "", ports: Restricted, currentTarget: Worker, eventPhase: 2, bubbles: false, cancelable: false, … }
eite.js:1442:9
Host understood message 9 from worker: getSharedState,STAGEL_DEBUG
eite.js:1276:11
message { target: Worker, isTrusted: true, data: {…}, origin: "", lastEventId: "", ports: Restricted, currentTarget: Worker, eventPhase: 2, bubbles: false, cancelable: false, … }
eite.js:1442:9
Request made of host by worker in message 9 returned the result: 1
eite.js:1276:11
Worker got message 8 from host: 1
eite.js:1276:11
Host got message 10 from worker: getSharedState,STAGEL_DEBUG
eite.js:1276:11
message { target: Worker, isTrusted: true, data: {…}, origin: "", lastEventId: "", ports: Restricted, currentTarget: Worker, eventPhase: 2, bubbles: false, cancelable: false, … }
eite.js:1442:9
Host understood message 10 from worker: getSharedState,STAGEL_DEBUG
eite.js:1276:11
message { target: Worker, isTrusted: true, data: {…}, origin: "", lastEventId: "", ports: Restricted, currentTarget: Worker, eventPhase: 2, bubbles: false, cancelable: false, … }
eite.js:1442:9
Request made of host by worker in message 10 returned the result: 1
eite.js:1276:11
Worker got message 9 from host: 1
eite.js:1276:11
Host got message 11 from worker: getSharedState,STAGEL_DEBUG
eite.js:1276:11
message { target: Worker, isTrusted: true, data: {…}, origin: "", lastEventId: "", ports: Restricted, currentTarget: Worker, eventPhase: 2, bubbles: false, cancelable: false, … }
eite.js:1442:9
Host understood message 11 from worker: getSharedState,STAGEL_DEBUG
eite.js:1276:11
message { target: Worker, isTrusted: true, data: {…}, origin: "", lastEventId: "", ports: Restricted, currentTarget: Worker, eventPhase: 2, bubbles: false, cancelable: false, … }
eite.js:1442:9
Request made of host by worker in message 11 returned the result: 1
eite.js:1276:11
Worker got message 10 from host: 1
eite.js:1276:11
Host got message 12 from worker: getSharedState,STAGEL_DEBUG
eite.js:1276:11
message { target: Worker, isTrusted: true, data: {…}, origin: "", lastEventId: "", ports: Restricted, currentTarget: Worker, eventPhase: 2, bubbles: false, cancelable: false, … }
eite.js:1442:9
Host understood message 12 from worker: getSharedState,STAGEL_DEBUG
eite.js:1276:11
message { target: Worker, isTrusted: true, data: {…}, origin: "", lastEventId: "", ports: Restricted, currentTarget: Worker, eventPhase: 2, bubbles: false, cancelable: false, … }
eite.js:1442:9
Request made of host by worker in message 12 returned the result: 1
eite.js:1276:11
Worker got message 11 from host: 1
eite.js:1276:11
Host got message 13 from worker: getSharedState,STAGEL_DEBUG
eite.js:1276:11
message { target: Worker, isTrusted: true, data: {…}, origin: "", lastEventId: "", ports: Restricted, currentTarget: Worker, eventPhase: 2, bubbles: false, cancelable: false, … }
eite.js:1442:9
Host understood message 13 from worker: getSharedState,STAGEL_DEBUG
eite.js:1276:11
message { target: Worker, isTrusted: true, data: {…}, origin: "", lastEventId: "", ports: Restricted, currentTarget: Worker, eventPhase: 2, bubbles: false, cancelable: false, … }
eite.js:1442:9
Request made of host by worker in message 13 returned the result: 1
eite.js:1276:11
Worker got message 12 from host: 1
eite.js:1276:11
Host got message 14 from worker: getSharedState,STAGEL_DEBUG
eite.js:1276:11
message { target: Worker, isTrusted: true, data: {…}, origin: "", lastEventId: "", ports: Restricted, currentTarget: Worker, eventPhase: 2, bubbles: false, cancelable: false, … }
eite.js:1442:9
Host understood message 14 from worker: getSharedState,STAGEL_DEBUG
eite.js:1276:11
message { target: Worker, isTrusted: true, data: {…}, origin: "", lastEventId: "", ports: Restricted, currentTarget: Worker, eventPhase: 2, bubbles: false, cancelable: false, … }
eite.js:1442:9
Request made of host by worker in message 14 returned the result: 1
eite.js:1276:11
Worker got message 13 from host: 1
eite.js:1276:11
Host got message 15 from worker: getSharedState,STAGEL_DEBUG
eite.js:1276:11
message { target: Worker, isTrusted: true, data: {…}, origin: "", lastEventId: "", ports: Restricted, currentTarget: Worker, eventPhase: 2, bubbles: false, cancelable: false, … }
eite.js:1442:9
Host understood message 15 from worker: getSharedState,STAGEL_DEBUG
eite.js:1276:11
message { target: Worker, isTrusted: true, data: {…}, origin: "", lastEventId: "", ports: Restricted, currentTarget: Worker, eventPhase: 2, bubbles: false, cancelable: false, … }
eite.js:1442:9
Request made of host by worker in message 15 returned the result: 1
eite.js:1276:11
Worker got message 14 from host: 1
eite.js:1276:11
Host got message 16 from worker: getSharedState,STAGEL_DEBUG
eite.js:1276:11
message { target: Worker, isTrusted: true, data: {…}, origin: "", lastEventId: "", ports: Restricted, currentTarget: Worker, eventPhase: 2, bubbles: false, cancelable: false, … }
eite.js:1442:9
Host understood message 16 from worker: getSharedState,STAGEL_DEBUG
eite.js:1276:11
message { target: Worker, isTrusted: true, data: {…}, origin: "", lastEventId: "", ports: Restricted, currentTarget: Worker, eventPhase: 2, bubbles: false, cancelable: false, … }
eite.js:1442:9
Request made of host by worker in message 16 returned the result: 1
eite.js:1276:11
Worker got message 15 from host: 1
eite.js:1276:11
Host got message 17 from worker: getSharedState,STAGEL_DEBUG
eite.js:1276:11
message { target: Worker, isTrusted: true, data: {…}, origin: "", lastEventId: "", ports: Restricted, currentTarget: Worker, eventPhase: 2, bubbles: false, cancelable: false, … }
eite.js:1442:9
Host understood message 17 from worker: getSharedState,STAGEL_DEBUG
eite.js:1276:11
message { target: Worker, isTrusted: true, data: {…}, origin: "", lastEventId: "", ports: Restricted, currentTarget: Worker, eventPhase: 2, bubbles: false, cancelable: false, … }
eite.js:1442:9
Request made of host by worker in message 17 returned the result: 1
eite.js:1276:11
Worker got message 16 from host: 1
eite.js:1276:11
Host got message 18 from worker: getSharedState,STAGEL_DEBUG
eite.js:1276:11
message { target: Worker, isTrusted: true, data: {…}, origin: "", lastEventId: "", ports: Restricted, currentTarget: Worker, eventPhase: 2, bubbles: false, cancelable: false, … }
eite.js:1442:9
Host understood message 18 from worker: getSharedState,STAGEL_DEBUG
eite.js:1276:11
message { target: Worker, isTrusted: true, data: {…}, origin: "", lastEventId: "", ports: Restricted, currentTarget: Worker, eventPhase: 2, bubbles: false, cancelable: false, … }
eite.js:1442:9
Request made of host by worker in message 18 returned the result: 1
eite.js:1276:11
Worker got message 17 from host: 1
eite.js:1276:11
Host got message 19 from worker: getSharedState,STAGEL_DEBUG
eite.js:1276:11
message { target: Worker, isTrusted: true, data: {…}, origin: "", lastEventId: "", ports: Restricted, currentTarget: Worker, eventPhase: 2, bubbles: false, cancelable: false, … }
eite.js:1442:9
Host understood message 19 from worker: getSharedState,STAGEL_DEBUG
eite.js:1276:11
message { target: Worker, isTrusted: true, data: {…}, origin: "", lastEventId: "", ports: Restricted, currentTarget: Worker, eventPhase: 2, bubbles: false, cancelable: false, … }
eite.js:1442:9
Request made of host by worker in message 19 returned the result: 1
eite.js:1276:11
Worker got message 18 from host: 1
eite.js:1276:11
Host got message 20 from worker: getSharedState,STAGEL_DEBUG
eite.js:1276:11
message { target: Worker, isTrusted: true, data: {…}, origin: "", lastEventId: "", ports: Restricted, currentTarget: Worker, eventPhase: 2, bubbles: false, cancelable: false, … }
eite.js:1442:9
Host understood message 20 from worker: getSharedState,STAGEL_DEBUG
eite.js:1276:11
message { target: Worker, isTrusted: true, data: {…}, origin: "", lastEventId: "", ports: Restricted, currentTarget: Worker, eventPhase: 2, bubbles: false, cancelable: false, … }
eite.js:1442:9
Request made of host by worker in message 20 returned the result: 1
eite.js:1276:11
Worker got message 19 from host: 1
eite.js:1276:11
Host got message 21 from worker: getSharedState,STAGEL_DEBUG
eite.js:1276:11
message { target: Worker, isTrusted: true, data: {…}, origin: "", lastEventId: "", ports: Restricted, currentTarget: Worker, eventPhase: 2, bubbles: false, cancelable: false, … }
eite.js:1442:9
Host understood message 21 from worker: getSharedState,STAGEL_DEBUG
eite.js:1276:11
message { target: Worker, isTrusted: true, data: {…}, origin: "", lastEventId: "", ports: Restricted, currentTarget: Worker, eventPhase: 2, bubbles: false, cancelable: false, … }
eite.js:1442:9
Request made of host by worker in message 21 returned the result: 1
eite.js:1276:11
Worker got message 20 from host: 1
eite.js:1276:11
Host got message 22 from worker: getSharedState,STAGEL_DEBUG
eite.js:1276:11
message { target: Worker, isTrusted: true, data: {…}, origin: "", lastEventId: "", ports: Restricted, currentTarget: Worker, eventPhase: 2, bubbles: false, cancelable: false, … }
eite.js:1442:9
Host understood message 22 from worker: getSharedState,STAGEL_DEBUG
eite.js:1276:11
message { target: Worker, isTrusted: true, data: {…}, origin: "", lastEventId: "", ports: Restricted, currentTarget: Worker, eventPhase: 2, bubbles: false, cancelable: false, … }
eite.js:1442:9
Request made of host by worker in message 22 returned the result: 1
eite.js:1276:11
Worker got message 21 from host: 1
eite.js:1276:11
Host got message 23 from worker: getSharedState,STAGEL_DEBUG
eite.js:1276:11
message { target: Worker, isTrusted: true, data: {…}, origin: "", lastEventId: "", ports: Restricted, currentTarget: Worker, eventPhase: 2, bubbles: false, cancelable: false, … }
eite.js:1442:9
Host understood message 23 from worker: getSharedState,STAGEL_DEBUG
eite.js:1276:11
message { target: Worker, isTrusted: true, data: {…}, origin: "", lastEventId: "", ports: Restricted, currentTarget: Worker, eventPhase: 2, bubbles: false, cancelable: false, … }
eite.js:1442:9
Request made of host by worker in message 23 returned the result: 1
eite.js:1276:11
Worker got message 22 from host: 1
eite.js:1276:11
Host got message 24 from worker: getSharedState,STAGEL_DEBUG
eite.js:1276:11
message { target: Worker, isTrusted: true, data: {…}, origin: "", lastEventId: "", ports: Restricted, currentTarget: Worker, eventPhase: 2, bubbles: false, cancelable: false, … }
eite.js:1442:9
Host understood message 24 from worker: getSharedState,STAGEL_DEBUG
eite.js:1276:11
message { target: Worker, isTrusted: true, data: {…}, origin: "", lastEventId: "", ports: Restricted, currentTarget: Worker, eventPhase: 2, bubbles: false, cancelable: false, … }
eite.js:1442:9
Request made of host by worker in message 24 returned the result: 1
eite.js:1276:11
Worker got message 23 from host: 1
eite.js:1276:11
Host got message 25 from worker: getSharedState,STAGEL_DEBUG
eite.js:1276:11
message { target: Worker, isTrusted: true, data: {…}, origin: "", lastEventId: "", ports: Restricted, currentTarget: Worker, eventPhase: 2, bubbles: false, cancelable: false, … }
eite.js:1442:9
Host understood message 25 from worker: getSharedState,STAGEL_DEBUG
eite.js:1276:11
message { target: Worker, isTrusted: true, data: {…}, origin: "", lastEventId: "", ports: Restricted, currentTarget: Worker, eventPhase: 2, bubbles: false, cancelable: false, … }
eite.js:1442:9
Request made of host by worker in message 25 returned the result: 1
eite.js:1276:11
Worker got message 24 from host: 1
eite.js:1276:11
Host got message 26 from worker: getSharedState,STAGEL_DEBUG
eite.js:1276:11
message { target: Worker, isTrusted: true, data: {…}, origin: "", lastEventId: "", ports: Restricted, currentTarget: Worker, eventPhase: 2, bubbles: false, cancelable: false, … }
eite.js:1442:9
Host understood message 26 from worker: getSharedState,STAGEL_DEBUG
eite.js:1276:11
message { target: Worker, isTrusted: true, data: {…}, origin: "", lastEventId: "", ports: Restricted, currentTarget: Worker, eventPhase: 2, bubbles: false, cancelable: false, … }
eite.js:1442:9
Request made of host by worker in message 26 returned the result: 1
eite.js:1276:11
Worker got message 25 from host: 1
eite.js:1276:11
Host got message 27 from worker: getSharedState,STAGEL_DEBUG
eite.js:1276:11
message { target: Worker, isTrusted: true, data: {…}, origin: "", lastEventId: "", ports: Restricted, currentTarget: Worker, eventPhase: 2, bubbles: false, cancelable: false, … }
eite.js:1442:9
Host understood message 27 from worker: getSharedState,STAGEL_DEBUG
eite.js:1276:11
message { target: Worker, isTrusted: true, data: {…}, origin: "", lastEventId: "", ports: Restricted, currentTarget: Worker, eventPhase: 2, bubbles: false, cancelable: false, … }
eite.js:1442:9
Request made of host by worker in message 27 returned the result: 1
eite.js:1276:11
Worker got message 26 from host: 1
eite.js:1276:11
Host got message 28 from worker: getSharedState,STAGEL_DEBUG
eite.js:1276:11
message { target: Worker, isTrusted: true, data: {…}, origin: "", lastEventId: "", ports: Restricted, currentTarget: Worker, eventPhase: 2, bubbles: false, cancelable: false, … }
eite.js:1442:9
Host understood message 28 from worker: getSharedState,STAGEL_DEBUG
eite.js:1276:11
message { target: Worker, isTrusted: true, data: {…}, origin: "", lastEventId: "", ports: Restricted, currentTarget: Worker, eventPhase: 2, bubbles: false, cancelable: false, … }
eite.js:1442:9
Request made of host by worker in message 28 returned the result: 1
eite.js:1276:11
Worker got message 27 from host: 1
eite.js:1276:11
Host got message 29 from worker: getSharedState,STAGEL_DEBUG
eite.js:1276:11
message { target: Worker, isTrusted: true, data: {…}, origin: "", lastEventId: "", ports: Restricted, currentTarget: Worker, eventPhase: 2, bubbles: false, cancelable: false, … }
eite.js:1442:9
Host understood message 29 from worker: getSharedState,STAGEL_DEBUG
eite.js:1276:11
message { target: Worker, isTrusted: true, data: {…}, origin: "", lastEventId: "", ports: Restricted, currentTarget: Worker, eventPhase: 2, bubbles: false, cancelable: false, … }
eite.js:1442:9
Request made of host by worker in message 29 returned the result: 1
eite.js:1276:11
Worker got message 28 from host: 1
eite.js:1276:11
Host got message 30 from worker: getSharedState,STAGEL_DEBUG
eite.js:1276:11
message { target: Worker, isTrusted: true, data: {…}, origin: "", lastEventId: "", ports: Restricted, currentTarget: Worker, eventPhase: 2, bubbles: false, cancelable: false, … }
eite.js:1442:9
Host understood message 30 from worker: getSharedState,STAGEL_DEBUG
eite.js:1276:11
message { target: Worker, isTrusted: true, data: {…}, origin: "", lastEventId: "", ports: Restricted, currentTarget: Worker, eventPhase: 2, bubbles: false, cancelable: false, … }
eite.js:1442:9
Request made of host by worker in message 30 returned the result: 1
eite.js:1276:11
Worker got message 29 from host: 1
eite.js:1276:11
Host got message 31 from worker: getSharedState,STAGEL_DEBUG
eite.js:1276:11
message { target: Worker, isTrusted: true, data: {…}, origin: "", lastEventId: "", ports: Restricted, currentTarget: Worker, eventPhase: 2, bubbles: false, cancelable: false, … }
eite.js:1442:9
Host understood message 31 from worker: getSharedState,STAGEL_DEBUG
eite.js:1276:11
message { target: Worker, isTrusted: true, data: {…}, origin: "", lastEventId: "", ports: Restricted, currentTarget: Worker, eventPhase: 2, bubbles: false, cancelable: false, … }
eite.js:1442:9
Request made of host by worker in message 31 returned the result: 1
eite.js:1276:11
Worker got message 30 from host: 1
eite.js:1276:11
Host got message 32 from worker: getSharedState,STAGEL_DEBUG
eite.js:1276:11
message { target: Worker, isTrusted: true, data: {…}, origin: "", lastEventId: "", ports: Restricted, currentTarget: Worker, eventPhase: 2, bubbles: false, cancelable: false, … }
eite.js:1442:9
Host understood message 32 from worker: getSharedState,STAGEL_DEBUG
eite.js:1276:11
message { target: Worker, isTrusted: true, data: {…}, origin: "", lastEventId: "", ports: Restricted, currentTarget: Worker, eventPhase: 2, bubbles: false, cancelable: false, … }
eite.js:1442:9
Request made of host by worker in message 32 returned the result: 1
eite.js:1276:11
Worker got message 31 from host: 1
eite.js:1276:11
Host got message 33 from worker: getSharedState,STAGEL_DEBUG
eite.js:1276:11
message { target: Worker, isTrusted: true, data: {…}, origin: "", lastEventId: "", ports: Restricted, currentTarget: Worker, eventPhase: 2, bubbles: false, cancelable: false, … }
eite.js:1442:9
Host understood message 33 from worker: getSharedState,STAGEL_DEBUG
eite.js:1276:11
message { target: Worker, isTrusted: true, data: {…}, origin: "", lastEventId: "", ports: Restricted, currentTarget: Worker, eventPhase: 2, bubbles: false, cancelable: false, … }
eite.js:1442:9
Request made of host by worker in message 33 returned the result: 1
eite.js:1276:11
Worker got message 32 from host: 1
eite.js:1276:11
Host got message 34 from worker: getSharedState,STAGEL_DEBUG
eite.js:1276:11
message { target: Worker, isTrusted: true, data: {…}, origin: "", lastEventId: "", ports: Restricted, currentTarget: Worker, eventPhase: 2, bubbles: false, cancelable: false, … }
eite.js:1442:9
Host understood message 34 from worker: getSharedState,STAGEL_DEBUG
eite.js:1276:11
message { target: Worker, isTrusted: true, data: {…}, origin: "", lastEventId: "", ports: Restricted, currentTarget: Worker, eventPhase: 2, bubbles: false, cancelable: false, … }
eite.js:1442:9
Request made of host by worker in message 34 returned the result: 1
eite.js:1276:11
Worker got message 33 from host: 1
eite.js:1276:11
Host got message 35 from worker: getSharedState,STAGEL_DEBUG
eite.js:1276:11
message { target: Worker, isTrusted: true, data: {…}, origin: "", lastEventId: "", ports: Restricted, currentTarget: Worker, eventPhase: 2, bubbles: false, cancelable: false, … }
eite.js:1442:9
Host understood message 35 from worker: getSharedState,STAGEL_DEBUG
eite.js:1276:11
message { target: Worker, isTrusted: true, data: {…}, origin: "", lastEventId: "", ports: Restricted, currentTarget: Worker, eventPhase: 2, bubbles: false, cancelable: false, … }
eite.js:1442:9
Request made of host by worker in message 35 returned the result: 1
eite.js:1276:11
Worker got message 34 from host: 1
eite.js:1276:11
Host got message 36 from worker: getSharedState,STAGEL_DEBUG
eite.js:1276:11
message { target: Worker, isTrusted: true, data: {…}, origin: "", lastEventId: "", ports: Restricted, currentTarget: Worker, eventPhase: 2, bubbles: false, cancelable: false, … }
eite.js:1442:9
Host understood message 36 from worker: getSharedState,STAGEL_DEBUG
eite.js:1276:11
message { target: Worker, isTrusted: true, data: {…}, origin: "", lastEventId: "", ports: Restricted, currentTarget: Worker, eventPhase: 2, bubbles: false, cancelable: false, … }
eite.js:1442:9
Request made of host by worker in message 36 returned the result: 1
eite.js:1276:11
Worker got message 35 from host: 1
eite.js:1276:11
Host got message 37 from worker: getSharedState,STAGEL_DEBUG
eite.js:1276:11
message { target: Worker, isTrusted: true, data: {…}, origin: "", lastEventId: "", ports: Restricted, currentTarget: Worker, eventPhase: 2, bubbles: false, cancelable: false, … }
eite.js:1442:9
Host understood message 37 from worker: getSharedState,STAGEL_DEBUG
eite.js:1276:11
message { target: Worker, isTrusted: true, data: {…}, origin: "", lastEventId: "", ports: Restricted, currentTarget: Worker, eventPhase: 2, bubbles: false, cancelable: false, … }
eite.js:1442:9
Request made of host by worker in message 37 returned the result: 1
eite.js:1276:11
Worker got message 36 from host: 1
eite.js:1276:11
Host got message 38 from worker: getSharedState,STAGEL_DEBUG
eite.js:1276:11
message { target: Worker, isTrusted: true, data: {…}, origin: "", lastEventId: "", ports: Restricted, currentTarget: Worker, eventPhase: 2, bubbles: false, cancelable: false, … }
eite.js:1442:9
Host understood message 38 from worker: getSharedState,STAGEL_DEBUG
eite.js:1276:11
message { target: Worker, isTrusted: true, data: {…}, origin: "", lastEventId: "", ports: Restricted, currentTarget: Worker, eventPhase: 2, bubbles: false, cancelable: false, … }
eite.js:1442:9
Request made of host by worker in message 38 returned the result: 1
eite.js:1276:11
Worker got message 37 from host: 1
eite.js:1276:11
Host got message 39 from worker: getSharedState,STAGEL_DEBUG
eite.js:1276:11
message { target: Worker, isTrusted: true, data: {…}, origin: "", lastEventId: "", ports: Restricted, currentTarget: Worker, eventPhase: 2, bubbles: false, cancelable: false, … }
eite.js:1442:9
Host understood message 39 from worker: getSharedState,STAGEL_DEBUG
eite.js:1276:11
message { target: Worker, isTrusted: true, data: {…}, origin: "", lastEventId: "", ports: Restricted, currentTarget: Worker, eventPhase: 2, bubbles: false, cancelable: false, … }
eite.js:1442:9
Request made of host by worker in message 39 returned the result: 1
eite.js:1276:11
Worker got message 38 from host: 1
eite.js:1276:11
Host got message 40 from worker: getSharedState,STAGEL_DEBUG
eite.js:1276:11
message { target: Worker, isTrusted: true, data: {…}, origin: "", lastEventId: "", ports: Restricted, currentTarget: Worker, eventPhase: 2, bubbles: false, cancelable: false, … }
eite.js:1442:9
Host understood message 40 from worker: getSharedState,STAGEL_DEBUG
eite.js:1276:11
message { target: Worker, isTrusted: true, data: {…}, origin: "", lastEventId: "", ports: Restricted, currentTarget: Worker, eventPhase: 2, bubbles: false, cancelable: false, … }
eite.js:1442:9
Request made of host by worker in message 40 returned the result: 1
eite.js:1276:11
Worker got message 39 from host: 1
eite.js:1276:11
Host got message 41 from worker: getSharedState,STAGEL_DEBUG
eite.js:1276:11
message { target: Worker, isTrusted: true, data: {…}, origin: "", lastEventId: "", ports: Restricted, currentTarget: Worker, eventPhase: 2, bubbles: false, cancelable: false, … }
eite.js:1442:9
Host understood message 41 from worker: getSharedState,STAGEL_DEBUG
eite.js:1276:11
message { target: Worker, isTrusted: true, data: {…}, origin: "", lastEventId: "", ports: Restricted, currentTarget: Worker, eventPhase: 2, bubbles: false, cancelable: false, … }
eite.js:1442:9
Request made of host by worker in message 41 returned the result: 1
eite.js:1276:11
Worker got message 40 from host: 1
eite.js:1276:11
Host got message 42 from worker: getSharedState,STAGEL_DEBUG
eite.js:1276:11
message { target: Worker, isTrusted: true, data: {…}, origin: "", lastEventId: "", ports: Restricted, currentTarget: Worker, eventPhase: 2, bubbles: false, cancelable: false, … }
eite.js:1442:9
Host understood message 42 from worker: getSharedState,STAGEL_DEBUG
eite.js:1276:11
message { target: Worker, isTrusted: true, data: {…}, origin: "", lastEventId: "", ports: Restricted, currentTarget: Worker, eventPhase: 2, bubbles: false, cancelable: false, … }
eite.js:1442:9
Request made of host by worker in message 42 returned the result: 1
eite.js:1276:11
Worker got message 41 from host: 1
eite.js:1276:11
Host got message 43 from worker: getSharedState,STAGEL_DEBUG
eite.js:1276:11
message { target: Worker, isTrusted: true, data: {…}, origin: "", lastEventId: "", ports: Restricted, currentTarget: Worker, eventPhase: 2, bubbles: false, cancelable: false, … }
eite.js:1442:9
Host understood message 43 from worker: getSharedState,STAGEL_DEBUG
eite.js:1276:11
message { target: Worker, isTrusted: true, data: {…}, origin: "", lastEventId: "", ports: Restricted, currentTarget: Worker, eventPhase: 2, bubbles: false, cancelable: false, … }
eite.js:1442:9
Request made of host by worker in message 43 returned the result: 1
eite.js:1276:11
Worker got message 42 from host: 1
eite.js:1276:11
Host got message 44 from worker: getSharedState,STAGEL_DEBUG
eite.js:1276:11
message { target: Worker, isTrusted: true, data: {…}, origin: "", lastEventId: "", ports: Restricted, currentTarget: Worker, eventPhase: 2, bubbles: false, cancelable: false, … }
eite.js:1442:9
Host understood message 44 from worker: getSharedState,STAGEL_DEBUG
eite.js:1276:11
message { target: Worker, isTrusted: true, data: {…}, origin: "", lastEventId: "", ports: Restricted, currentTarget: Worker, eventPhase: 2, bubbles: false, cancelable: false, … }
eite.js:1442:9
Request made of host by worker in message 44 returned the result: 1
eite.js:1276:11
Worker got message 43 from host: 1
eite.js:1276:11
Host got message 45 from worker: getSharedState,STAGEL_DEBUG
eite.js:1276:11
message { target: Worker, isTrusted: true, data: {…}, origin: "", lastEventId: "", ports: Restricted, currentTarget: Worker, eventPhase: 2, bubbles: false, cancelable: false, … }
eite.js:1442:9
Host understood message 45 from worker: getSharedState,STAGEL_DEBUG
eite.js:1276:11
message { target: Worker, isTrusted: true, data: {…}, origin: "", lastEventId: "", ports: Restricted, currentTarget: Worker, eventPhase: 2, bubbles: false, cancelable: false, … }
eite.js:1442:9
Request made of host by worker in message 45 returned the result: 1
eite.js:1276:11
Worker got message 44 from host: 1
eite.js:1276:11
Host got message 46 from worker: getSharedState,STAGEL_DEBUG
eite.js:1276:11
message { target: Worker, isTrusted: true, data: {…}, origin: "", lastEventId: "", ports: Restricted, currentTarget: Worker, eventPhase: 2, bubbles: false, cancelable: false, … }
eite.js:1442:9
Host understood message 46 from worker: getSharedState,STAGEL_DEBUG
eite.js:1276:11
message { target: Worker, isTrusted: true, data: {…}, origin: "", lastEventId: "", ports: Restricted, currentTarget: Worker, eventPhase: 2, bubbles: false, cancelable: false, … }
eite.js:1442:9
Request made of host by worker in message 46 returned the result: 1
eite.js:1276:11
Worker got message 45 from host: 1
eite.js:1276:11
Host got message 47 from worker: getSharedState,STAGEL_DEBUG
eite.js:1276:11
message { target: Worker, isTrusted: true, data: {…}, origin: "", lastEventId: "", ports: Restricted, currentTarget: Worker, eventPhase: 2, bubbles: false, cancelable: false, … }
eite.js:1442:9
Host understood message 47 from worker: getSharedState,STAGEL_DEBUG
eite.js:1276:11
message { target: Worker, isTrusted: true, data: {…}, origin: "", lastEventId: "", ports: Restricted, currentTarget: Worker, eventPhase: 2, bubbles: false, cancelable: false, … }
eite.js:1442:9
Request made of host by worker in message 47 returned the result: 1
eite.js:1276:11
Worker got message 46 from host: 1
eite.js:1276:11
Host got message 48 from worker: getSharedState,STAGEL_DEBUG
eite.js:1276:11
message { target: Worker, isTrusted: true, data: {…}, origin: "", lastEventId: "", ports: Restricted, currentTarget: Worker, eventPhase: 2, bubbles: false, cancelable: false, … }
eite.js:1442:9
Host understood message 48 from worker: getSharedState,STAGEL_DEBUG
eite.js:1276:11
message { target: Worker, isTrusted: true, data: {…}, origin: "", lastEventId: "", ports: Restricted, currentTarget: Worker, eventPhase: 2, bubbles: false, cancelable: false, … }
eite.js:1442:9
Request made of host by worker in message 48 returned the result: 1
eite.js:1276:11
Worker got message 47 from host: 1
eite.js:1276:11
Host got message 49 from worker: getSharedState,STAGEL_DEBUG
eite.js:1276:11
message { target: Worker, isTrusted: true, data: {…}, origin: "", lastEventId: "", ports: Restricted, currentTarget: Worker, eventPhase: 2, bubbles: false, cancelable: false, … }
eite.js:1442:9
Host understood message 49 from worker: getSharedState,STAGEL_DEBUG
eite.js:1276:11
message { target: Worker, isTrusted: true, data: {…}, origin: "", lastEventId: "", ports: Restricted, currentTarget: Worker, eventPhase: 2, bubbles: false, cancelable: false, … }
eite.js:1442:9
Request made of host by worker in message 49 returned the result: 1
eite.js:1276:11
Worker got message 48 from host: 1
eite.js:1276:11
Host got message 50 from worker: getSharedState,STAGEL_DEBUG
eite.js:1276:11
message { target: Worker, isTrusted: true, data: {…}, origin: "", lastEventId: "", ports: Restricted, currentTarget: Worker, eventPhase: 2, bubbles: false, cancelable: false, … }
eite.js:1442:9
Host understood message 50 from worker: getSharedState,STAGEL_DEBUG
eite.js:1276:11
message { target: Worker, isTrusted: true, data: {…}, origin: "", lastEventId: "", ports: Restricted, currentTarget: Worker, eventPhase: 2, bubbles: false, cancelable: false, … }
eite.js:1442:9
Request made of host by worker in message 50 returned the result: 1
eite.js:1276:11
Worker got message 49 from host: 1
eite.js:1276:11
Host got message 51 from worker: getSharedState,STAGEL_DEBUG
eite.js:1276:11
message { target: Worker, isTrusted: true, data: {…}, origin: "", lastEventId: "", ports: Restricted, currentTarget: Worker, eventPhase: 2, bubbles: false, cancelable: false, … }
eite.js:1442:9
Host understood message 51 from worker: getSharedState,STAGEL_DEBUG
eite.js:1276:11
message { target: Worker, isTrusted: true, data: {…}, origin: "", lastEventId: "", ports: Restricted, currentTarget: Worker, eventPhase: 2, bubbles: false, cancelable: false, … }
eite.js:1442:9
Request made of host by worker in message 51 returned the result: 1
eite.js:1276:11
Worker got message 50 from host: 1
eite.js:1276:11
Host got message 52 from worker: getSharedState,STAGEL_DEBUG
eite.js:1276:11
message { target: Worker, isTrusted: true, data: {…}, origin: "", lastEventId: "", ports: Restricted, currentTarget: Worker, eventPhase: 2, bubbles: false, cancelable: false, … }
eite.js:1442:9
Host understood message 52 from worker: getSharedState,STAGEL_DEBUG
eite.js:1276:11
message { target: Worker, isTrusted: true, data: {…}, origin: "", lastEventId: "", ports: Restricted, currentTarget: Worker, eventPhase: 2, bubbles: false, cancelable: false, … }
eite.js:1442:9
Request made of host by worker in message 52 returned the result: 1
eite.js:1276:11
Worker got message 51 from host: 1
eite.js:1276:11
Host got message 53 from worker: getSharedState,STAGEL_DEBUG
eite.js:1276:11
message { target: Worker, isTrusted: true, data: {…}, origin: "", lastEventId: "", ports: Restricted, currentTarget: Worker, eventPhase: 2, bubbles: false, cancelable: false, … }
eite.js:1442:9
Host understood message 53 from worker: getSharedState,STAGEL_DEBUG
eite.js:1276:11
message { target: Worker, isTrusted: true, data: {…}, origin: "", lastEventId: "", ports: Restricted, currentTarget: Worker, eventPhase: 2, bubbles: false, cancelable: false, … }
eite.js:1442:9
Request made of host by worker in message 53 returned the result: 1
eite.js:1276:11
Worker got message 52 from host: 1
eite.js:1276:11
Host got message 54 from worker: getSharedState,STAGEL_DEBUG
eite.js:1276:11
message { target: Worker, isTrusted: true, data: {…}, origin: "", lastEventId: "", ports: Restricted, currentTarget: Worker, eventPhase: 2, bubbles: false, cancelable: false, … }
eite.js:1442:9
Host understood message 54 from worker: getSharedState,STAGEL_DEBUG
eite.js:1276:11
message { target: Worker, isTrusted: true, data: {…}, origin: "", lastEventId: "", ports: Restricted, currentTarget: Worker, eventPhase: 2, bubbles: false, cancelable: false, … }
eite.js:1442:9
Request made of host by worker in message 54 returned the result: 1
eite.js:1276:11
Worker got message 53 from host: 1
eite.js:1276:11
Host got message 55 from worker: getSharedState,STAGEL_DEBUG
eite.js:1276:11
message { target: Worker, isTrusted: true, data: {…}, origin: "", lastEventId: "", ports: Restricted, currentTarget: Worker, eventPhase: 2, bubbles: false, cancelable: false, … }
eite.js:1442:9
Host understood message 55 from worker: getSharedState,STAGEL_DEBUG
eite.js:1276:11
message { target: Worker, isTrusted: true, data: {…}, origin: "", lastEventId: "", ports: Restricted, currentTarget: Worker, eventPhase: 2, bubbles: false, cancelable: false, … }
eite.js:1442:9
Request made of host by worker in message 55 returned the result: 1
eite.js:1276:11
Worker got message 54 from host: 1
eite.js:1276:11
Host got message 56 from worker: getSharedState,STAGEL_DEBUG
eite.js:1276:11
message { target: Worker, isTrusted: true, data: {…}, origin: "", lastEventId: "", ports: Restricted, currentTarget: Worker, eventPhase: 2, bubbles: false, cancelable: false, … }
eite.js:1442:9
Host understood message 56 from worker: getSharedState,STAGEL_DEBUG
eite.js:1276:11
message { target: Worker, isTrusted: true, data: {…}, origin: "", lastEventId: "", ports: Restricted, currentTarget: Worker, eventPhase: 2, bubbles: false, cancelable: false, … }
eite.js:1442:9
Request made of host by worker in message 56 returned the result: 1
eite.js:1276:11
Worker got message 55 from host: 1
eite.js:1276:11
Host got message 57 from worker: getSharedState,STAGEL_DEBUG
eite.js:1276:11
message { target: Worker, isTrusted: true, data: {…}, origin: "", lastEventId: "", ports: Restricted, currentTarget: Worker, eventPhase: 2, bubbles: false, cancelable: false, … }
eite.js:1442:9
Host understood message 57 from worker: getSharedState,STAGEL_DEBUG
eite.js:1276:11
message { target: Worker, isTrusted: true, data: {…}, origin: "", lastEventId: "", ports: Restricted, currentTarget: Worker, eventPhase: 2, bubbles: false, cancelable: false, … }
eite.js:1442:9
Request made of host by worker in message 57 returned the result: 1
eite.js:1276:11
Worker got message 56 from host: 1
eite.js:1276:11
Host got message 58 from worker: getSharedState,STAGEL_DEBUG
eite.js:1276:11
message { target: Worker, isTrusted: true, data: {…}, origin: "", lastEventId: "", ports: Restricted, currentTarget: Worker, eventPhase: 2, bubbles: false, cancelable: false, … }
eite.js:1442:9
Host understood message 58 from worker: getSharedState,STAGEL_DEBUG
eite.js:1276:11
message { target: Worker, isTrusted: true, data: {…}, origin: "", lastEventId: "", ports: Restricted, currentTarget: Worker, eventPhase: 2, bubbles: false, cancelable: false, … }
eite.js:1442:9
Request made of host by worker in message 58 returned the result: 1
eite.js:1276:11
Worker got message 57 from host: 1
eite.js:1276:11
Host got message 59 from worker: getSharedState,STAGEL_DEBUG
eite.js:1276:11
message { target: Worker, isTrusted: true, data: {…}, origin: "", lastEventId: "", ports: Restricted, currentTarget: Worker, eventPhase: 2, bubbles: false, cancelable: false, … }
eite.js:1442:9
Host understood message 59 from worker: getSharedState,STAGEL_DEBUG
eite.js:1276:11
message { target: Worker, isTrusted: true, data: {…}, origin: "", lastEventId: "", ports: Restricted, currentTarget: Worker, eventPhase: 2, bubbles: false, cancelable: false, … }
eite.js:1442:9
Request made of host by worker in message 59 returned the result: 1
eite.js:1276:11
Worker got message 58 from host: 1
eite.js:1276:11
Host got message 60 from worker: getSharedState,STAGEL_DEBUG
eite.js:1276:11
message { target: Worker, isTrusted: true, data: {…}, origin: "", lastEventId: "", ports: Restricted, currentTarget: Worker, eventPhase: 2, bubbles: false, cancelable: false, … }
eite.js:1442:9
Host understood message 60 from worker: getSharedState,STAGEL_DEBUG
eite.js:1276:11
message { target: Worker, isTrusted: true, data: {…}, origin: "", lastEventId: "", ports: Restricted, currentTarget: Worker, eventPhase: 2, bubbles: false, cancelable: false, … }
eite.js:1442:9
Request made of host by worker in message 60 returned the result: 1
eite.js:1276:11
Worker got message 59 from host: 1
eite.js:1276:11
Host got message 61 from worker: getSharedState,STAGEL_DEBUG
eite.js:1276:11
message { target: Worker, isTrusted: true, data: {…}, origin: "", lastEventId: "", ports: Restricted, currentTarget: Worker, eventPhase: 2, bubbles: false, cancelable: false, … }
eite.js:1442:9
Host understood message 61 from worker: getSharedState,STAGEL_DEBUG
eite.js:1276:11
message { target: Worker, isTrusted: true, data: {…}, origin: "", lastEventId: "", ports: Restricted, currentTarget: Worker, eventPhase: 2, bubbles: false, cancelable: false, … }
eite.js:1442:9
Request made of host by worker in message 61 returned the result: 1
eite.js:1276:11
Worker got message 60 from host: 1
eite.js:1276:11
Host got message 62 from worker: getSharedState,STAGEL_DEBUG
eite.js:1276:11
message { target: Worker, isTrusted: true, data: {…}, origin: "", lastEventId: "", ports: Restricted, currentTarget: Worker, eventPhase: 2, bubbles: false, cancelable: false, … }
eite.js:1442:9
Host understood message 62 from worker: getSharedState,STAGEL_DEBUG
eite.js:1276:11
message { target: Worker, isTrusted: true, data: {…}, origin: "", lastEventId: "", ports: Restricted, currentTarget: Worker, eventPhase: 2, bubbles: false, cancelable: false, … }
eite.js:1442:9
Request made of host by worker in message 62 returned the result: 1
eite.js:1276:11
Worker got message 61 from host: 1
eite.js:1276:11
Host got message 63 from worker: getSharedState,STAGEL_DEBUG
eite.js:1276:11
message { target: Worker, isTrusted: true, data: {…}, origin: "", lastEventId: "", ports: Restricted, currentTarget: Worker, eventPhase: 2, bubbles: false, cancelable: false, … }
eite.js:1442:9
Host understood message 63 from worker: getSharedState,STAGEL_DEBUG
eite.js:1276:11
message { target: Worker, isTrusted: true, data: {…}, origin: "", lastEventId: "", ports: Restricted, currentTarget: Worker, eventPhase: 2, bubbles: false, cancelable: false, … }
eite.js:1442:9
Request made of host by worker in message 63 returned the result: 1
eite.js:1276:11
Worker got message 62 from host: 1
eite.js:1276:11
Host got message 64 from worker: getSharedState,STAGEL_DEBUG
eite.js:1276:11
message { target: Worker, isTrusted: true, data: {…}, origin: "", lastEventId: "", ports: Restricted, currentTarget: Worker, eventPhase: 2, bubbles: false, cancelable: false, … }
eite.js:1442:9
Host understood message 64 from worker: getSharedState,STAGEL_DEBUG
eite.js:1276:11
message { target: Worker, isTrusted: true, data: {…}, origin: "", lastEventId: "", ports: Restricted, currentTarget: Worker, eventPhase: 2, bubbles: false, cancelable: false, … }
eite.js:1442:9
Request made of host by worker in message 64 returned the result: 1
eite.js:1276:11
Worker got message 63 from host: 1
eite.js:1276:11
Host got message 65 from worker: getSharedState,STAGEL_DEBUG
eite.js:1276:11
message { target: Worker, isTrusted: true, data: {…}, origin: "", lastEventId: "", ports: Restricted, currentTarget: Worker, eventPhase: 2, bubbles: false, cancelable: false, … }
eite.js:1442:9
Host understood message 65 from worker: getSharedState,STAGEL_DEBUG
eite.js:1276:11
message { target: Worker, isTrusted: true, data: {…}, origin: "", lastEventId: "", ports: Restricted, currentTarget: Worker, eventPhase: 2, bubbles: false, cancelable: false, … }
eite.js:1442:9
Request made of host by worker in message 65 returned the result: 1
eite.js:1276:11
Worker got message 64 from host: 1
eite.js:1276:11
Host got message 66 from worker: getSharedState,STAGEL_DEBUG
eite.js:1276:11
message { target: Worker, isTrusted: true, data: {…}, origin: "", lastEventId: "", ports: Restricted, currentTarget: Worker, eventPhase: 2, bubbles: false, cancelable: false, … }
eite.js:1442:9
Host understood message 66 from worker: getSharedState,STAGEL_DEBUG
eite.js:1276:11
message { target: Worker, isTrusted: true, data: {…}, origin: "", lastEventId: "", ports: Restricted, currentTarget: Worker, eventPhase: 2, bubbles: false, cancelable: false, … }
eite.js:1442:9
Request made of host by worker in message 66 returned the result: 1
eite.js:1276:11
Worker got message 65 from host: 1
eite.js:1276:11
Host got message 67 from worker: getSharedState,STAGEL_DEBUG
eite.js:1276:11
message { target: Worker, isTrusted: true, data: {…}, origin: "", lastEventId: "", ports: Restricted, currentTarget: Worker, eventPhase: 2, bubbles: false, cancelable: false, … }
eite.js:1442:9
Host understood message 67 from worker: getSharedState,STAGEL_DEBUG
eite.js:1276:11
message { target: Worker, isTrusted: true, data: {…}, origin: "", lastEventId: "", ports: Restricted, currentTarget: Worker, eventPhase: 2, bubbles: false, cancelable: false, … }
eite.js:1442:9
Request made of host by worker in message 67 returned the result: 1
eite.js:1276:11
Worker got message 66 from host: 1
eite.js:1276:11
Host got message 68 from worker: getSharedState,STAGEL_DEBUG
eite.js:1276:11
message { target: Worker, isTrusted: true, data: {…}, origin: "", lastEventId: "", ports: Restricted, currentTarget: Worker, eventPhase: 2, bubbles: false, cancelable: false, … }
eite.js:1442:9
Host understood message 68 from worker: getSharedState,STAGEL_DEBUG
eite.js:1276:11
message { target: Worker, isTrusted: true, data: {…}, origin: "", lastEventId: "", ports: Restricted, currentTarget: Worker, eventPhase: 2, bubbles: false, cancelable: false, … }
eite.js:1442:9
Request made of host by worker in message 68 returned the result: 1
eite.js:1276:11
Worker got message 67 from host: 1
eite.js:1276:11
Host got message 69 from worker: getSharedState,STAGEL_DEBUG
eite.js:1276:11
message { target: Worker, isTrusted: true, data: {…}, origin: "", lastEventId: "", ports: Restricted, currentTarget: Worker, eventPhase: 2, bubbles: false, cancelable: false, … }
eite.js:1442:9
Host understood message 69 from worker: getSharedState,STAGEL_DEBUG
eite.js:1276:11
message { target: Worker, isTrusted: true, data: {…}, origin: "", lastEventId: "", ports: Restricted, currentTarget: Worker, eventPhase: 2, bubbles: false, cancelable: false, … }
eite.js:1442:9
Request made of host by worker in message 69 returned the result: 1
eite.js:1276:11
Worker got message 68 from host: 1
eite.js:1276:11
Host got message 70 from worker: getSharedState,STAGEL_DEBUG
eite.js:1276:11
message { target: Worker, isTrusted: true, data: {…}, origin: "", lastEventId: "", ports: Restricted, currentTarget: Worker, eventPhase: 2, bubbles: false, cancelable: false, … }
eite.js:1442:9
Host understood message 70 from worker: getSharedState,STAGEL_DEBUG
eite.js:1276:11
message { target: Worker, isTrusted: true, data: {…}, origin: "", lastEventId: "", ports: Restricted, currentTarget: Worker, eventPhase: 2, bubbles: false, cancelable: false, … }
eite.js:1442:9
Request made of host by worker in message 70 returned the result: 1
eite.js:1276:11
Worker got message 69 from host: 1
eite.js:1276:11
Host got message 71 from worker: getSharedState,STAGEL_DEBUG
eite.js:1276:11
message { target: Worker, isTrusted: true, data: {…}, origin: "", lastEventId: "", ports: Restricted, currentTarget: Worker, eventPhase: 2, bubbles: false, cancelable: false, … }
eite.js:1442:9
Host understood message 71 from worker: getSharedState,STAGEL_DEBUG
eite.js:1276:11
message { target: Worker, isTrusted: true, data: {…}, origin: "", lastEventId: "", ports: Restricted, currentTarget: Worker, eventPhase: 2, bubbles: false, cancelable: false, … }
eite.js:1442:9
Request made of host by worker in message 71 returned the result: 1
eite.js:1276:11
Worker got message 70 from host: 1
eite.js:1276:11
Host got message 72 from worker: getSharedState,STAGEL_DEBUG
eite.js:1276:11
message { target: Worker, isTrusted: true, data: {…}, origin: "", lastEventId: "", ports: Restricted, currentTarget: Worker, eventPhase: 2, bubbles: false, cancelable: false, … }
eite.js:1442:9
Host understood message 72 from worker: getSharedState,STAGEL_DEBUG
eite.js:1276:11
message { target: Worker, isTrusted: true, data: {…}, origin: "", lastEventId: "", ports: Restricted, currentTarget: Worker, eventPhase: 2, bubbles: false, cancelable: false, … }
eite.js:1442:9
Request made of host by worker in message 72 returned the result: 1
eite.js:1276:11
Worker got message 71 from host: 1
eite.js:1276:11
Host got message 73 from worker: getSharedState,STAGEL_DEBUG
eite.js:1276:11
message { target: Worker, isTrusted: true, data: {…}, origin: "", lastEventId: "", ports: Restricted, currentTarget: Worker, eventPhase: 2, bubbles: false, cancelable: false, … }
eite.js:1442:9
Host understood message 73 from worker: getSharedState,STAGEL_DEBUG
eite.js:1276:11
message { target: Worker, isTrusted: true, data: {…}, origin: "", lastEventId: "", ports: Restricted, currentTarget: Worker, eventPhase: 2, bubbles: false, cancelable: false, … }
eite.js:1442:9
Request made of host by worker in message 73 returned the result: 1
eite.js:1276:11
Worker got message 72 from host: 1
eite.js:1276:11
Host got message 74 from worker: getSharedState,STAGEL_DEBUG
eite.js:1276:11
message { target: Worker, isTrusted: true, data: {…}, origin: "", lastEventId: "", ports: Restricted, currentTarget: Worker, eventPhase: 2, bubbles: false, cancelable: false, … }
eite.js:1442:9
Host understood message 74 from worker: getSharedState,STAGEL_DEBUG
eite.js:1276:11
message { target: Worker, isTrusted: true, data: {…}, origin: "", lastEventId: "", ports: Restricted, currentTarget: Worker, eventPhase: 2, bubbles: false, cancelable: false, … }
eite.js:1442:9
Request made of host by worker in message 74 returned the result: 1
eite.js:1276:11
Worker got message 73 from host: 1
eite.js:1276:11
Host got message 75 from worker: getSharedState,STAGEL_DEBUG
eite.js:1276:11
message { target: Worker, isTrusted: true, data: {…}, origin: "", lastEventId: "", ports: Restricted, currentTarget: Worker, eventPhase: 2, bubbles: false, cancelable: false, … }
eite.js:1442:9
Host understood message 75 from worker: getSharedState,STAGEL_DEBUG
eite.js:1276:11
message { target: Worker, isTrusted: true, data: {…}, origin: "", lastEventId: "", ports: Restricted, currentTarget: Worker, eventPhase: 2, bubbles: false, cancelable: false, … }
eite.js:1442:9
Request made of host by worker in message 75 returned the result: 1
eite.js:1276:11
Worker got message 74 from host: 1
eite.js:1276:11
Host got message 76 from worker: getSharedState,STAGEL_DEBUG
eite.js:1276:11
message { target: Worker, isTrusted: true, data: {…}, origin: "", lastEventId: "", ports: Restricted, currentTarget: Worker, eventPhase: 2, bubbles: false, cancelable: false, … }
eite.js:1442:9
Host understood message 76 from worker: getSharedState,STAGEL_DEBUG
eite.js:1276:11
message { target: Worker, isTrusted: true, data: {…}, origin: "", lastEventId: "", ports: Restricted, currentTarget: Worker, eventPhase: 2, bubbles: false, cancelable: false, … }
eite.js:1442:9
Request made of host by worker in message 76 returned the result: 1
eite.js:1276:11
Worker got message 75 from host: 1
eite.js:1276:11
Host got message 77 from worker: getSharedState,STAGEL_DEBUG
eite.js:1276:11
message { target: Worker, isTrusted: true, data: {…}, origin: "", lastEventId: "", ports: Restricted, currentTarget: Worker, eventPhase: 2, bubbles: false, cancelable: false, … }
eite.js:1442:9
Host understood message 77 from worker: getSharedState,STAGEL_DEBUG
eite.js:1276:11
message { target: Worker, isTrusted: true, data: {…}, origin: "", lastEventId: "", ports: Restricted, currentTarget: Worker, eventPhase: 2, bubbles: false, cancelable: false, … }
eite.js:1442:9
Request made of host by worker in message 77 returned the result: 1
eite.js:1276:11
Worker got message 76 from host: 1
eite.js:1276:11
Host got message 78 from worker: getSharedState,STAGEL_DEBUG
eite.js:1276:11
message { target: Worker, isTrusted: true, data: {…}, origin: "", lastEventId: "", ports: Restricted, currentTarget: Worker, eventPhase: 2, bubbles: false, cancelable: false, … }
eite.js:1442:9
Host understood message 78 from worker: getSharedState,STAGEL_DEBUG
eite.js:1276:11
message { target: Worker, isTrusted: true, data: {…}, origin: "", lastEventId: "", ports: Restricted, currentTarget: Worker, eventPhase: 2, bubbles: false, cancelable: false, … }
eite.js:1442:9
Request made of host by worker in message 78 returned the result: 1
eite.js:1276:11
Worker got message 77 from host: 1
eite.js:1276:11
Host got message 79 from worker: getSharedState,STAGEL_DEBUG
eite.js:1276:11
message { target: Worker, isTrusted: true, data: {…}, origin: "", lastEventId: "", ports: Restricted, currentTarget: Worker, eventPhase: 2, bubbles: false, cancelable: false, … }
eite.js:1442:9
Host understood message 79 from worker: getSharedState,STAGEL_DEBUG
eite.js:1276:11
message { target: Worker, isTrusted: true, data: {…}, origin: "", lastEventId: "", ports: Restricted, currentTarget: Worker, eventPhase: 2, bubbles: false, cancelable: false, … }
eite.js:1442:9
Request made of host by worker in message 79 returned the result: 1
eite.js:1276:11
Worker got message 78 from host: 1
eite.js:1276:11
Host got message 80 from worker: getSharedState,STAGEL_DEBUG
eite.js:1276:11
message { target: Worker, isTrusted: true, data: {…}, origin: "", lastEventId: "", ports: Restricted, currentTarget: Worker, eventPhase: 2, bubbles: false, cancelable: false, … }
eite.js:1442:9
Host understood message 80 from worker: getSharedState,STAGEL_DEBUG
eite.js:1276:11
message { target: Worker, isTrusted: true, data: {…}, origin: "", lastEventId: "", ports: Restricted, currentTarget: Worker, eventPhase: 2, bubbles: false, cancelable: false, … }
eite.js:1442:9
Request made of host by worker in message 80 returned the result: 1
eite.js:1276:11
Worker got message 79 from host: 1
eite.js:1276:11
Host got message 81 from worker: getSharedState,STAGEL_DEBUG
eite.js:1276:11
FIXME: Unimplemented in implWarn
eite.js:1276:11
died too many messages from worker
eite.js:1276:11
Worker got message 80 from host: 1
eite.js:1276:11
Host got message 82 from worker: getSharedState,STAGEL_DEBUG
eite.js:1276:11
FIXME: Unimplemented in implWarn
eite.js:1276:11
died too many messages from worker
eite.js:1276:11
uncaught exception: died too many messages from worker
unreachable code after return statement[Learn More]
edit.html:27440:8
unreachable code after return statement[Learn More]
edit.html:29405:12
unreachable code after return statement[Learn More]
edit.html:30157:28
